<?xml version="1.0" encoding="UTF-8"?>
<!-- Generated by org.testng.reporters.JUnitReportReporter -->
<testsuite hostname="MEGHASAGAR" failures="0" tests="2" name="testNGCodes.Module3TestNGAssignment1" time="5.843" errors="0" timestamp="2024-04-29T16:41:15 IST" skipped="0">
  <testcase classname="testNGCodes.Module3TestNGAssignment1" name="logindetails" time="2.489"/>
  <testcase classname="testNGCodes.Module3TestNGAssignment1" name="signinbtn" time="3.354"/>
</testsuite> <!-- testNGCodes.Module3TestNGAssignment1 -->
