<?xml version="1.0" encoding="UTF-8"?>
<!-- Generated by org.testng.reporters.JUnitReportReporter -->
<testsuite hostname="MEGHASAGAR" failures="0" tests="3" name="testNGCodes.OrangeHRM" time="9.066" errors="0" timestamp="2024-04-17T09:51:19 IST" skipped="0">
  <testcase classname="testNGCodes.OrangeHRM" name="login" time="4.711"/>
  <testcase classname="testNGCodes.OrangeHRM" name="verifyDashboard" time="1.413"/>
  <testcase classname="testNGCodes.OrangeHRM" name="logout" time="2.942"/>
</testsuite> <!-- testNGCodes.OrangeHRM -->
