<?xml version="1.0" encoding="UTF-8"?>
<!-- Generated by org.testng.reporters.JUnitReportReporter -->
<testsuite hostname="MEGHASAGAR" failures="0" tests="3" name="testNGCodes.GroupsTestNGDemo" time="0.026" errors="0" timestamp="2024-04-18T23:51:25 IST" skipped="0">
  <testcase classname="testNGCodes.GroupsTestNGDemo" name="method6" time="0.004"/>
  <testcase classname="testNGCodes.GroupsTestNGDemo" name="method3" time="0.005"/>
  <testcase classname="testNGCodes.GroupsTestNGDemo" name="method2" time="0.017"/>
</testsuite> <!-- testNGCodes.GroupsTestNGDemo -->
