<?xml version="1.0" encoding="UTF-8"?>
<!-- Generated by org.testng.reporters.JUnitReportReporter -->
<testsuite hostname="MEGHASAGAR" failures="0" tests="2" name="testNGCodes.Module3TestNGAssignment2" time="9.722" errors="0" timestamp="2024-04-29T16:40:20 IST" skipped="0">
  <testcase classname="testNGCodes.Module3TestNGAssignment2" name="inputdata" time="6.852"/>
  <testcase classname="testNGCodes.Module3TestNGAssignment2" name="signinbtn" time="2.870"/>
</testsuite> <!-- testNGCodes.Module3TestNGAssignment2 -->
