<?xml version="1.0" encoding="UTF-8"?>
<!-- Generated by org.testng.reporters.JUnitReportReporter -->
<testsuite hostname="MEGHASAGAR" failures="0" tests="1" name="testNGCodes.Utility" time="13.271" errors="0" timestamp="2024-04-18T17:49:50 IST" skipped="0">
  <testcase classname="testNGCodes.Utility" name="launchURL" time="13.271"/>
</testsuite> <!-- testNGCodes.Utility -->
