<?xml version="1.0" encoding="UTF-8"?>
<!-- Generated by org.testng.reporters.JUnitReportReporter -->
<testsuite hostname="MEGHASAGAR" failures="0" tests="1" name="testNGCodes.LaunchBrowser" time="12.337" errors="0" timestamp="2024-04-17T09:43:07 IST" skipped="0">
  <testcase classname="testNGCodes.LaunchBrowser" name="launchBrowser" time="12.337"/>
</testsuite> <!-- testNGCodes.LaunchBrowser -->
