<?xml version="1.0" encoding="UTF-8"?>
<!-- Generated by org.testng.reporters.JUnitReportReporter -->
<testsuite hostname="MEGHASAGAR" failures="0" tests="2" name="testNGCodes.Module3TestNGAssignments" time="5.533" errors="0" timestamp="2024-04-29T16:13:33 IST" skipped="0">
  <testcase classname="testNGCodes.Module3TestNGAssignments" name="logindetails" time="2.426"/>
  <testcase classname="testNGCodes.Module3TestNGAssignments" name="signinbtn" time="3.107"/>
</testsuite> <!-- testNGCodes.Module3TestNGAssignments -->
