<?xml version="1.0" encoding="UTF-8"?>
<!-- Generated by org.testng.reporters.JUnitReportReporter -->
<testsuite hostname="MEGHASAGAR" failures="0" tests="3" name="testNGCodes.DataProviderDemo" time="74.126" errors="0" timestamp="2024-04-21T14:20:59 IST" skipped="0">
  <testcase classname="testNGCodes.DataProviderDemo" name="searchMobile" time="33.548"/>
  <testcase classname="testNGCodes.DataProviderDemo" name="searchMobile" time="20.232"/>
  <testcase classname="testNGCodes.DataProviderDemo" name="searchMobile" time="20.346"/>
</testsuite> <!-- testNGCodes.DataProviderDemo -->
