<?xml version="1.0" encoding="UTF-8"?>
<!-- Generated by org.testng.reporters.JUnitReportReporter -->
<testsuite hostname="MEGHASAGAR" failures="0" tests="2" name="testNGCodes.DependsOnMethodDemo" time="32.710" errors="0" timestamp="2024-04-18T17:49:50 IST" skipped="0">
  <testcase classname="testNGCodes.DependsOnMethodDemo" name="launchURL" time="21.833"/>
  <testcase classname="testNGCodes.DependsOnMethodDemo" name="login" time="10.877"/>
</testsuite> <!-- testNGCodes.DependsOnMethodDemo -->
