<?xml version="1.0" encoding="UTF-8"?>
<!-- Generated by org.testng.reporters.JUnitReportReporter -->
<testsuite hostname="MEGHASAGAR" failures="0" tests="3" name="testNGCodes.Annotations" time="0.105" errors="0" timestamp="2024-04-17T08:27:52 IST" skipped="0">
  <testcase classname="testNGCodes.Annotations" name="test1" time="0.065"/>
  <testcase classname="testNGCodes.Annotations" name="test2" time="0.027"/>
  <testcase classname="testNGCodes.Annotations" name="test3" time="0.013"/>
</testsuite> <!-- testNGCodes.Annotations -->
