<?xml version="1.0" encoding="UTF-8"?>
<!-- Generated by org.testng.reporters.JUnitReportReporter -->
<testsuite hostname="MEGHASAGAR" failures="0" tests="5" name="TestNGLuma.Groups" time="61.554" errors="0" timestamp="2024-05-09T16:33:34 IST" skipped="0">
  <testcase classname="TestNGLuma.Groups" name="compareproducts" time="25.529"/>
  <testcase classname="TestNGLuma.Groups" name="dremovefromcompare" time="2.146"/>
  <testcase classname="TestNGLuma.Groups" name="alogin" time="14.280"/>
  <testcase classname="TestNGLuma.Groups" name="bupdateaccountinfo" time="19.594"/>
  <testcase classname="TestNGLuma.Groups" name="eaddreview" time="0.005"/>
</testsuite> <!-- TestNGLuma.Groups -->
